
> medix@0.1.0 build
> next build

⚠ `eslint` configuration in next.config.ts is no longer supported. See more info here: https://nextjs.org/docs/app/api-reference/cli/next#next-lint-options
⚠ Invalid next.config.ts options detected: 
⚠     Unrecognized key(s) in object: 'eslint'
⚠ See more info here: https://nextjs.org/docs/messages/invalid-next-config
⚠ Warning: Next.js inferred your workspace root, but it may not be correct.
 We detected multiple lockfiles and selected the directory of /root/package-lock.json as the root directory.
 To silence this warning, set `turbopack.root` in your Next.js config, or consider removing one of the lockfiles if it's not needed.
   See https://nextjs.org/docs/app/api-reference/config/next-config-js/turbopack#root-directory for more information.
 Detected additional lockfiles: 
   * /root/medix-clinic/package-lock.json

▲ Next.js 16.2.7 (Turbopack)

  Creating an optimized production build ...
✓ Compiled successfully in 8.3s
  Skipping validation of types
  Finished TypeScript config validation in 8ms ...
  Collecting page data using 1 worker ...
  Generating static pages using 1 worker (0/12) ...
  Generating static pages using 1 worker (3/12) 
  Generating static pages using 1 worker (6/12) 
  Generating static pages using 1 worker (9/12) 
✓ Generating static pages using 1 worker (12/12) in 260ms
  Finalizing page optimization ...

Route (app)
┌ ○ /
├ ○ /_not-found
├ ƒ /admin
├ ƒ /api/appointments
├ ƒ /api/auth/[...nextauth]
├ ƒ /api/health
├ ƒ /api/patients
├ ƒ /api/stats
├ ƒ /app
├ ƒ /app/citas
├ ƒ /app/expediente
├ ƒ /demo
└ ○ /login


ƒ Proxy (Middleware)

○  (Static)   prerendered as static content
ƒ  (Dynamic)  server-rendered on demand

DONE_EXIT_0
